<?xml version="1.0" encoding="UTF-8"?>
<!-- Generated by org.testng.reporters.JUnitReportReporter -->
<testsuite hostname="LAPTOP-POCHI3TQ" failures="0" tests="15" name="com.luma.tests.WhatsNewTest" time="14.591" errors="0" timestamp="2023-10-12T17:39:43 IST" skipped="0">
  <testcase classname="com.luma.tests.WhatsNewTest" name="testWhatsNew" time="3.495"/>
  <system-out/>
  <testcase classname="com.luma.tests.WhatsNewTest" name="testWhatsNewPage" time="0.015"/>
  <system-out/>
  <testcase classname="com.luma.tests.WhatsNewTest" name="testWomensHoodies" time="2.814"/>
  <system-out/>
  <testcase classname="com.luma.tests.WhatsNewTest" name="testWomensHoodiesPage" time="0.012"/>
  <system-out/>
  <testcase classname="com.luma.tests.WhatsNewTest" name="testWomensVNeckHoodie" time="2.840"/>
  <system-out/>
  <testcase classname="com.luma.tests.WhatsNewTest" name="testWomenVNeckPage" time="0.009"/>
  <system-out/>
  <testcase classname="com.luma.tests.WhatsNewTest" name="testWomensVNeckHoodieSize" time="0.123"/>
  <system-out/>
  <testcase classname="com.luma.tests.WhatsNewTest" name="testWomensVNeckHoodieColor" time="0.060"/>
  <system-out/>
  <testcase classname="com.luma.tests.WhatsNewTest" name="testQuantity" time="0.126"/>
  <system-out/>
  <testcase classname="com.luma.tests.WhatsNewTest" name="testAddToCat" time="0.083"/>
  <system-out/>
  <testcase classname="com.luma.tests.WhatsNewTest" name="testAddToCartSucessMessage" time="2.655"/>
  <system-out/>
  <testcase classname="com.luma.tests.WhatsNewTest" name="testAddToCompare" time="2.177"/>
  <system-out/>
  <testcase classname="com.luma.tests.WhatsNewTest" name="testAddToCompareSucessMessage" time="0.064"/>
  <system-out/>
  <testcase classname="com.luma.tests.WhatsNewTest" name="testShoppingCart" time="0.069"/>
  <system-out/>
  <testcase classname="com.luma.tests.WhatsNewTest" name="testShoppingCartCloseButton" time="0.049"/>
  <system-out/>
</testsuite> <!-- com.luma.tests.WhatsNewTest -->
