<?xml version="1.0" encoding="UTF-8"?>
<!-- Generated by org.testng.reporters.JUnitReportReporter -->
<testsuite hostname="LAPTOP-POCHI3TQ" failures="0" tests="7" name="com.luma.tests.ForgotPasswordTest" time="7.265" errors="0" timestamp="2023-10-25T18:35:25 IST" skipped="0">
  <testcase classname="com.luma.tests.ForgotPasswordTest" name="testSignIn" time="2.394"/>
  <system-out/>
  <testcase classname="com.luma.tests.ForgotPasswordTest" name="testForgotPasswordLink" time="0.100"/>
  <system-out/>
  <testcase classname="com.luma.tests.ForgotPasswordTest" name="testForgotPassword" time="1.067"/>
  <system-out/>
  <testcase classname="com.luma.tests.ForgotPasswordTest" name="testForgotPasswordPage" time="0.082"/>
  <system-out/>
  <testcase classname="com.luma.tests.ForgotPasswordTest" name="testEmail" time="0.193"/>
  <system-out/>
  <testcase classname="com.luma.tests.ForgotPasswordTest" name="testResetPassword" time="3.296"/>
  <system-out/>
  <testcase classname="com.luma.tests.ForgotPasswordTest" name="testResetPasswordMessage" time="0.133"/>
  <system-out/>
</testsuite> <!-- com.luma.tests.ForgotPasswordTest -->
