<?xml version="1.0" encoding="UTF-8"?>
<!-- Generated by org.testng.reporters.JUnitReportReporter -->
<testsuite hostname="LAPTOP-POCHI3TQ" failures="0" tests="4" name="com.luma.tests.SignInTest" time="4.016" errors="0" timestamp="2023-10-11T17:01:26 IST" skipped="0">
  <testcase classname="com.luma.tests.SignInTest" name="testRegister" time="1.115"/>
  <system-out/>
  <testcase classname="com.luma.tests.SignInTest" name="testSignInPage" time="0.059"/>
  <system-out/>
  <testcase classname="com.luma.tests.SignInTest" name="testLoginDetails" time="2.803"/>
  <system-out/>
  <testcase classname="com.luma.tests.SignInTest" name="testValidUser" time="0.039"/>
  <system-out/>
</testsuite> <!-- com.luma.tests.SignInTest -->
