<?xml version="1.0" encoding="UTF-8"?>
<!-- Generated by org.testng.reporters.JUnitReportReporter -->
<testsuite hostname="LAPTOP-POCHI3TQ" failures="0" tests="20" name="com.luma.tests.MenTest" time="27.923" errors="0" timestamp="2023-10-14T18:17:05 IST" skipped="0">
  <testcase classname="com.luma.tests.MenTest" name="testMen" time="10.753"/>
  <system-out/>
  <testcase classname="com.luma.tests.MenTest" name="testMenPantPage" time="0.018"/>
  <system-out/>
  <testcase classname="com.luma.tests.MenTest" name="testManMaterial" time="0.064"/>
  <system-out/>
  <testcase classname="com.luma.tests.MenTest" name="testManPolysterMaterial" time="1.902"/>
  <system-out/>
  <testcase classname="com.luma.tests.MenTest" name="testPolysterMaterialPage" time="0.010"/>
  <system-out/>
  <testcase classname="com.luma.tests.MenTest" name="testNew" time="0.104"/>
  <system-out/>
  <testcase classname="com.luma.tests.MenTest" name="testNewArrival" time="1.222"/>
  <system-out/>
  <testcase classname="com.luma.tests.MenTest" name="testNewArrivalPage" time="0.044"/>
  <system-out/>
  <testcase classname="com.luma.tests.MenTest" name="selectSortBy" time="2.354"/>
  <system-out/>
  <testcase classname="com.luma.tests.MenTest" name="testNewArrivalByPricePage" time="0.059"/>
  <system-out/>
  <testcase classname="com.luma.tests.MenTest" name="testGymPant" time="5.942"/>
  <system-out/>
  <testcase classname="com.luma.tests.MenTest" name="testKratosGymPantPage" time="0.008"/>
  <system-out/>
  <testcase classname="com.luma.tests.MenTest" name="testNextButton" time="0.062"/>
  <system-out/>
  <testcase classname="com.luma.tests.MenTest" name="testKratosGymPantSize" time="0.079"/>
  <system-out/>
  <testcase classname="com.luma.tests.MenTest" name="testKratosGymPantColor" time="0.067"/>
  <system-out/>
  <testcase classname="com.luma.tests.MenTest" name="testQuantity" time="0.111"/>
  <system-out/>
  <testcase classname="com.luma.tests.MenTest" name="testAddToCat" time="0.076"/>
  <system-out/>
  <testcase classname="com.luma.tests.MenTest" name="testAddToCartSucessMessage" time="4.912"/>
  <system-out/>
  <testcase classname="com.luma.tests.MenTest" name="testShoppingCart" time="0.067"/>
  <system-out/>
  <testcase classname="com.luma.tests.MenTest" name="testShoppingCartCloseButton" time="0.069"/>
  <system-out/>
</testsuite> <!-- com.luma.tests.MenTest -->
