<?xml version="1.0" encoding="UTF-8"?>
<!-- Generated by org.testng.reporters.JUnitReportReporter -->
<testsuite hostname="LAPTOP-POCHI3TQ" failures="0" tests="16" name="com.luma.tests.SaleTest" time="18.442" errors="0" timestamp="2023-10-18T18:41:57 IST" skipped="0">
  <testcase classname="com.luma.tests.SaleTest" name="testSale" time="7.555"/>
  <system-out/>
  <testcase classname="com.luma.tests.SaleTest" name="testSalePage" time="0.014"/>
  <system-out/>
  <testcase classname="com.luma.tests.SaleTest" name="testMenBargain" time="3.235"/>
  <system-out/>
  <testcase classname="com.luma.tests.SaleTest" name="testMenBargainPage" time="0.007"/>
  <system-out/>
  <testcase classname="com.luma.tests.SaleTest" name="testStyle" time="0.054"/>
  <system-out/>
  <testcase classname="com.luma.tests.SaleTest" name="testWorkOut" time="0.868"/>
  <system-out/>
  <testcase classname="com.luma.tests.SaleTest" name="testMenWorkoutPantPage" time="0.015"/>
  <system-out/>
  <testcase classname="com.luma.tests.SaleTest" name="testMenFitnessShort" time="4.212"/>
  <system-out/>
  <testcase classname="com.luma.tests.SaleTest" name="testMenFitnessShortPage" time="0.010"/>
  <system-out/>
  <testcase classname="com.luma.tests.SaleTest" name="testMenFitnessShortSize" time="0.047"/>
  <system-out/>
  <testcase classname="com.luma.tests.SaleTest" name="testMenFitnessShortColor" time="0.050"/>
  <system-out/>
  <testcase classname="com.luma.tests.SaleTest" name="testQuantity" time="0.142"/>
  <system-out/>
  <testcase classname="com.luma.tests.SaleTest" name="testAddToCart" time="0.087"/>
  <system-out/>
  <testcase classname="com.luma.tests.SaleTest" name="testAddToCartSucessMessage" time="2.027"/>
  <system-out/>
  <testcase classname="com.luma.tests.SaleTest" name="testShoppingCart" time="0.058"/>
  <system-out/>
  <testcase classname="com.luma.tests.SaleTest" name="testShoppingCartCloseButton" time="0.061"/>
  <system-out/>
</testsuite> <!-- com.luma.tests.SaleTest -->
