<?xml version="1.0" encoding="UTF-8"?>
<!-- Generated by org.testng.reporters.JUnitReportReporter -->
<testsuite hostname="LAPTOP-POCHI3TQ" failures="0" tests="12" name="com.luma.tests.GearTest" time="15.868" errors="0" timestamp="2023-10-17T17:38:43 IST" skipped="0">
  <testcase classname="com.luma.tests.GearTest" name="testGear" time="6.821"/>
  <system-out/>
  <testcase classname="com.luma.tests.GearTest" name="testFitnessEquipmentPage" time="0.012"/>
  <system-out/>
  <testcase classname="com.luma.tests.GearTest" name="testListView" time="1.530"/>
  <system-out/>
  <testcase classname="com.luma.tests.GearTest" name="testListViewPage" time="0.072"/>
  <system-out/>
  <testcase classname="com.luma.tests.GearTest" name="testSortByProductName" time="0.084"/>
  <system-out/>
  <testcase classname="com.luma.tests.GearTest" name="testPushupGrip" time="3.632"/>
  <system-out/>
  <testcase classname="com.luma.tests.GearTest" name="testPushupGripPage" time="0.010"/>
  <system-out/>
  <testcase classname="com.luma.tests.GearTest" name="testQuantity" time="0.136"/>
  <system-out/>
  <testcase classname="com.luma.tests.GearTest" name="testAddToCart" time="0.067"/>
  <system-out/>
  <testcase classname="com.luma.tests.GearTest" name="testAddToCartSucessMessage" time="3.378"/>
  <system-out/>
  <testcase classname="com.luma.tests.GearTest" name="testShoppingCart" time="0.060"/>
  <system-out/>
  <testcase classname="com.luma.tests.GearTest" name="testShoppingCartCloseButton" time="0.066"/>
  <system-out/>
</testsuite> <!-- com.luma.tests.GearTest -->
