<?xml version="1.0" encoding="UTF-8"?>
<!-- Generated by org.testng.reporters.JUnitReportReporter -->
<testsuite hostname="LAPTOP-POCHI3TQ" failures="0" tests="7" name="com.luma.tests.RegistrationTest" time="7.766" errors="0" timestamp="2023-10-10T17:57:58 IST" skipped="0">
  <testcase classname="com.luma.tests.RegistrationTest" name="testRegister" time="2.526"/>
  <system-out/>
  <testcase classname="com.luma.tests.RegistrationTest" name="testRegistrationPage" time="0.023"/>
  <system-out/>
  <testcase classname="com.luma.tests.RegistrationTest" name="testFirstName" time="0.090"/>
  <system-out/>
  <testcase classname="com.luma.tests.RegistrationTest" name="testLastName" time="0.066"/>
  <system-out/>
  <testcase classname="com.luma.tests.RegistrationTest" name="testEmail" time="0.094"/>
  <system-out/>
  <testcase classname="com.luma.tests.RegistrationTest" name="testPasswordAndConfirmPassword" time="3.211"/>
  <system-out/>
  <testcase classname="com.luma.tests.RegistrationTest" name="testSubmit" time="1.756"/>
  <system-out/>
</testsuite> <!-- com.luma.tests.RegistrationTest -->
